{"/var/tmp/vibe-kanban/worktrees/5e70-add-dockerisatio/duoduotest/src/app.module.ts": {"path":"/var/tmp/vibe-kanban/worktrees/5e70-add-dockerisatio/duoduotest/src/app.module.ts","statementMap":{"0":{"start":{"line":1,"column":0},"end":{"line":1,"column":40}},"1":{"start":{"line":2,"column":0},"end":{"line":2,"column":46}},"2":{"start":{"line":3,"column":0},"end":{"line":3,"column":27}},"3":{"start":{"line":5,"column":0},"end":{"line":5,"column":54}},"4":{"start":{"line":26,"column":7},"end":{"line":26,"column":null}},"5":{"start":{"line":26,"column":13},"end":{"line":26,"column":22}},"6":{"start":{"line":26,"column":13},"end":{"line":26,"column":null}}},"fnMap":{},"branchMap":{"0":{"loc":{"start":{"line":11,"column":19},"end":{"line":11,"column":62}},"type":"binary-expr","locations":[{"start":{"line":11,"column":19},"end":{"line":11,"column":49}},{"start":{"line":11,"column":53},"end":{"line":11,"column":62}}]}},"s":{"0":1,"1":1,"2":1,"3":1,"4":1,"5":1,"6":1},"f":{},"b":{"0":[1,1]}}
,"/var/tmp/vibe-kanban/worktrees/5e70-add-dockerisatio/duoduotest/src/health/health.controller.ts": {"path":"/var/tmp/vibe-kanban/worktrees/5e70-add-dockerisatio/duoduotest/src/health/health.controller.ts","statementMap":{"0":{"start":{"line":1,"column":0},"end":{"line":1,"column":49}},"1":{"start":{"line":2,"column":0},"end":{"line":2,"column":57}},"2":{"start":{"line":4,"column":0},"end":{"line":4,"column":49}},"3":{"start":{"line":8,"column":7},"end":{"line":21,"column":null}},"4":{"start":{"line":9,"column":31},"end":{"line":9,"column":46}},"5":{"start":{"line":19,"column":4},"end":{"line":19,"column":42}},"6":{"start":{"line":8,"column":13},"end":{"line":8,"column":29}},"7":{"start":{"line":18,"column":2},"end":{"line":20,"column":null}},"8":{"start":{"line":8,"column":13},"end":{"line":21,"column":null}}},"fnMap":{"0":{"name":"(anonymous_2)","decl":{"start":{"line":9,"column":2},"end":{"line":9,"column":31}},"loc":{"start":{"line":9,"column":59},"end":{"line":9,"column":63}}},"1":{"name":"(anonymous_3)","decl":{"start":{"line":18,"column":2},"end":{"line":18,"column":11}},"loc":{"start":{"line":18,"column":11},"end":{"line":20,"column":3}}}},"branchMap":{},"s":{"0":2,"1":2,"2":2,"3":2,"4":1,"5":1,"6":2,"7":2,"8":2},"f":{"0":1,"1":1},"b":{}}
,"/var/tmp/vibe-kanban/worktrees/5e70-add-dockerisatio/duoduotest/src/health/health.module.ts": {"path":"/var/tmp/vibe-kanban/worktrees/5e70-add-dockerisatio/duoduotest/src/health/health.module.ts","statementMap":{"0":{"start":{"line":1,"column":0},"end":{"line":1,"column":40}},"1":{"start":{"line":3,"column":0},"end":{"line":3,"column":55}},"2":{"start":{"line":4,"column":0},"end":{"line":4,"column":49}},"3":{"start":{"line":10,"column":7},"end":{"line":10,"column":null}},"4":{"start":{"line":10,"column":13},"end":{"line":10,"column":25}},"5":{"start":{"line":10,"column":13},"end":{"line":10,"column":null}}},"fnMap":{},"branchMap":{},"s":{"0":1,"1":1,"2":1,"3":1,"4":1,"5":1},"f":{},"b":{}}
,"/var/tmp/vibe-kanban/worktrees/5e70-add-dockerisatio/duoduotest/src/health/health.service.ts": {"path":"/var/tmp/vibe-kanban/worktrees/5e70-add-dockerisatio/duoduotest/src/health/health.service.ts","statementMap":{"0":{"start":{"line":1,"column":0},"end":{"line":1,"column":44}},"1":{"start":{"line":6,"column":7},"end":{"line":10,"column":null}},"2":{"start":{"line":8,"column":4},"end":{"line":8,"column":28}},"3":{"start":{"line":6,"column":13},"end":{"line":6,"column":26}},"4":{"start":{"line":6,"column":13},"end":{"line":10,"column":null}}},"fnMap":{"0":{"name":"(anonymous_1)","decl":{"start":{"line":7,"column":2},"end":{"line":7,"column":11}},"loc":{"start":{"line":7,"column":11},"end":{"line":9,"column":3}}}},"branchMap":{},"s":{"0":3,"1":3,"2":1,"3":3,"4":3},"f":{"0":1},"b":{}}
}
